  Functions.cpp
C:\Proga for BSU\BSU-Third\EUGENE\HW\Vector\Vector\vectorH.h(14,32): error C2653: Calcs: не является именем класса или пространства имен
C:\Proga for BSU\BSU-Third\EUGENE\HW\Vector\Vector\vectorH.h(14,39): error C2061: синтаксическая ошибка: идентификатор "Number"
C:\Proga for BSU\BSU-Third\EUGENE\HW\Vector\Vector\vectorH.h(20,2): error C2653: Calcs: не является именем класса или пространства имен
C:\Proga for BSU\BSU-Third\EUGENE\HW\Vector\Vector\vectorH.h(20,16): error C3646: getRad: неизвестный спецификатор переопределения
C:\Proga for BSU\BSU-Third\EUGENE\HW\Vector\Vector\vectorH.h(20,22): error C2059: синтаксическая ошибка: (
C:\Proga for BSU\BSU-Third\EUGENE\HW\Vector\Vector\vectorH.h(20,25): error C2334: непредвиденные лексемы перед "{"; пропуск вероятного тела функции
C:\Proga for BSU\BSU-Third\EUGENE\HW\Vector\Vector\vectorH.h(24,2): error C2653: Calcs: не является именем класса или пространства имен
C:\Proga for BSU\BSU-Third\EUGENE\HW\Vector\Vector\vectorH.h(24,16): error C3646: getAngle: неизвестный спецификатор переопределения
C:\Proga for BSU\BSU-Third\EUGENE\HW\Vector\Vector\vectorH.h(24,24): error C2059: синтаксическая ошибка: (
C:\Proga for BSU\BSU-Third\EUGENE\HW\Vector\Vector\vectorH.h(24,27): error C2334: непредвиденные лексемы перед "{"; пропуск вероятного тела функции
C:\Proga for BSU\BSU-Third\EUGENE\HW\Vector\Vector\vectorH.h(31,2): error C2653: Calcs: не является именем класса или пространства имен
C:\Proga for BSU\BSU-Third\EUGENE\HW\Vector\Vector\vectorH.h(31,16): error C3646: getFNUM: неизвестный спецификатор переопределения
C:\Proga for BSU\BSU-Third\EUGENE\HW\Vector\Vector\vectorH.h(31,23): error C2059: синтаксическая ошибка: (
C:\Proga for BSU\BSU-Third\EUGENE\HW\Vector\Vector\vectorH.h(31,26): error C2334: непредвиденные лексемы перед "{"; пропуск вероятного тела функции
C:\Proga for BSU\BSU-Third\EUGENE\HW\Vector\Vector\vectorH.h(35,2): error C2653: Calcs: не является именем класса или пространства имен
C:\Proga for BSU\BSU-Third\EUGENE\HW\Vector\Vector\vectorH.h(35,16): error C3646: getSNUM: неизвестный спецификатор переопределения
C:\Proga for BSU\BSU-Third\EUGENE\HW\Vector\Vector\vectorH.h(35,23): error C2059: синтаксическая ошибка: (
C:\Proga for BSU\BSU-Third\EUGENE\HW\Vector\Vector\vectorH.h(35,26): error C2334: непредвиденные лексемы перед "{"; пропуск вероятного тела функции
C:\Proga for BSU\BSU-Third\EUGENE\HW\Vector\Vector\vectorH.h(14,73): error C2065: sNum: необъявленный идентификатор
C:\Proga for BSU\BSU-Third\EUGENE\HW\Vector\Vector\vectorH.h(17,1): error C2440: <function-style-cast>: невозможно преобразовать "initializer list" в "Vector"
C:\Proga for BSU\BSU-Third\EUGENE\HW\Vector\Vector\vectorH.h(17,1): message : Ни один конструктор не смог принять исходный тип, либо разрешение перегрузки конструктора неоднозначно
C:\Proga for BSU\BSU-Third\EUGENE\HW\Vector\Vector\vectorH.h(40,38): error C2653: Calcs: не является именем класса или пространства имен
C:\Proga for BSU\BSU-Third\EUGENE\HW\Vector\Vector\vectorH.h(40,59): error C2653: Calcs: не является именем класса или пространства имен
C:\Proga for BSU\BSU-Third\EUGENE\HW\Vector\Vector\vectorH.h(40,78): error C2440: <function-style-cast>: невозможно преобразовать "initializer list" в "Vector"
C:\Proga for BSU\BSU-Third\EUGENE\HW\Vector\Vector\vectorH.h(40,78): message : Ни один конструктор не смог принять исходный тип, либо разрешение перегрузки конструктора неоднозначно
C:\Proga for BSU\BSU-Third\EUGENE\HW\Vector\Vector\vectorH.h(40,22): error C2737: "<Нет данных>: необходимо инициализировать объект <Нет данных>
C:\Proga for BSU\BSU-Third\EUGENE\HW\Vector\Vector\vectorH.h(41,37): error C2653: Calcs: не является именем класса или пространства имен
C:\Proga for BSU\BSU-Third\EUGENE\HW\Vector\Vector\vectorH.h(41,57): error C2653: Calcs: не является именем класса или пространства имен
C:\Proga for BSU\BSU-Third\EUGENE\HW\Vector\Vector\vectorH.h(41,75): error C2440: <function-style-cast>: невозможно преобразовать "initializer list" в "Vector"
C:\Proga for BSU\BSU-Third\EUGENE\HW\Vector\Vector\vectorH.h(41,75): message : Ни один конструктор не смог принять исходный тип, либо разрешение перегрузки конструктора неоднозначно
C:\Proga for BSU\BSU-Third\EUGENE\HW\Vector\Vector\vectorH.h(41,22): error C2737: "<Нет данных>: необходимо инициализировать объект <Нет данных>
C:\Proga for BSU\BSU-Third\EUGENE\HW\Vector\Vector\vectorH.h(44,11): error C2039: "getFNUM": не является членом "Vector".
C:\Proga for BSU\BSU-Third\EUGENE\HW\Vector\Vector\vectorH.h(10): message : см. объявление "Vector"
C:\Proga for BSU\BSU-Third\EUGENE\HW\Vector\Vector\vectorH.h(44,33): error C2039: "getSNUM": не является членом "Vector".
C:\Proga for BSU\BSU-Third\EUGENE\HW\Vector\Vector\vectorH.h(10): message : см. объявление "Vector"
C:\Proga for BSU\BSU-Third\EUGENE\HW\Vector\Vector\Functions.cpp(17,5): error C2653: Math: не является именем класса или пространства имен
C:\Proga for BSU\BSU-Third\EUGENE\HW\Vector\Vector\Functions.cpp(17,19): error C3861: sum: идентификатор не найден
